e:\learningopengl\raytracing\x64\release\vc143.pdb
e:\learningopengl\raytracing\x64\release\texture.obj
e:\learningopengl\raytracing\x64\release\testcode.obj
e:\learningopengl\raytracing\x64\release\raytractingmain.obj
e:\learningopengl\raytracing\x64\release\main.obj
e:\learningopengl\raytracing\x64\release\testmain.obj
e:\learningopengl\raytracing\x64\release\main-specular.obj
e:\learningopengl\raytracing\x64\release\assimptest.obj
e:\learningopengl\raytracing\x64\release\imgui_widgets.obj
e:\learningopengl\raytracing\x64\release\imgui_tables.obj
e:\learningopengl\raytracing\x64\release\imgui_impl_opengl3.obj
e:\learningopengl\raytracing\x64\release\imgui_impl_glfw.obj
e:\learningopengl\raytracing\x64\release\imgui_draw.obj
e:\learningopengl\raytracing\x64\release\imgui_demo.obj
e:\learningopengl\raytracing\x64\release\imgui.obj
e:\learningopengl\raytracing\x64\release\hdrloader.obj
e:\learningopengl\raytracing\x64\release\glad.obj
e:\learningopengl\raytracing\x64\release\raytracing.exe
e:\learningopengl\raytracing\x64\release\raytracing.pdb
e:\learningopengl\raytracing\x64\release\raytracing.ipdb
e:\learningopengl\raytracing\x64\release\raytracing.iobj
e:\learningopengl\raytracing\x64\release\raytracing.tlog\cl.command.1.tlog
e:\learningopengl\raytracing\x64\release\raytracing.tlog\cl.read.1.tlog
e:\learningopengl\raytracing\x64\release\raytracing.tlog\cl.write.1.tlog
e:\learningopengl\raytracing\x64\release\raytracing.tlog\link.command.1.tlog
e:\learningopengl\raytracing\x64\release\raytracing.tlog\link.read.1.tlog
e:\learningopengl\raytracing\x64\release\raytracing.tlog\link.write.1.tlog
e:\learningopengl\raytracing\x64\release\raytracing.tlog\link.write.2u.tlog
