  hdrloader.cpp
E:\learningopengl\Raytracing\include\hdrloader.cpp(35,9): warning C4996: 'fopen': This function or variable may be unsafe. Consider using fopen_s instead. To disable deprecation, use _CRT_SECURE_NO_WARNINGS. See online help for details.
E:\learningopengl\Raytracing\include\hdrloader.cpp(68,7): warning C4996: 'sscanf': This function or variable may be unsafe. Consider using sscanf_s instead. To disable deprecation, use _CRT_SECURE_NO_WARNINGS. See online help for details.
  imgui.cpp
  imgui_demo.cpp
  imgui_draw.cpp
  imgui_impl_glfw.cpp
  imgui_impl_opengl3.cpp
  imgui_tables.cpp
  imgui_widgets.cpp
  AssimpTest.cpp
  main-specular.cpp
E:\learningopengl\Raytracing\src\Model.h(117,20): warning C4018: “<”: 有符号/无符号不匹配
E:\learningopengl\Raytracing\src\Model.h(120,21): warning C4018: “<”: 有符号/无符号不匹配
E:\learningopengl\Raytracing\src\Model.h(126,20): warning C4018: “<”: 有符号/无符号不匹配
E:\learningopengl\Raytracing\src\Model.h(132,20): warning C4018: “<”: 有符号/无符号不匹配
E:\learningopengl\Raytracing\src\Model.h(159,31): warning C4267: “初始化”: 从“size_t”转换到“int”，可能丢失数据
E:\learningopengl\Raytracing\src\BVH.h(61,30): warning C4267: “初始化”: 从“size_t”转换到“int”，可能丢失数据
E:\learningopengl\Raytracing\src\main-specular.cpp(80,1): warning C4267: “参数”: 从“size_t”转换到“GLsizei”，可能丢失数据
E:\learningopengl\Raytracing\src\main-specular.cpp(121,30): warning C4305: “初始化”: 从“double”到“float”截断
E:\learningopengl\Raytracing\src\main-specular.cpp(122,30): warning C4305: “初始化”: 从“double”到“float”截断
E:\learningopengl\Raytracing\src\main-specular.cpp(123,30): warning C4305: “初始化”: 从“double”到“float”截断
E:\learningopengl\Raytracing\src\main-specular.cpp(124,29): warning C4305: “初始化”: 从“double”到“float”截断
E:\learningopengl\Raytracing\src\main-specular.cpp(125,29): warning C4305: “初始化”: 从“double”到“float”截断
E:\learningopengl\Raytracing\src\main-specular.cpp(126,29): warning C4305: “初始化”: 从“double”到“float”截断
E:\learningopengl\Raytracing\src\main-specular.cpp(194,34): warning C4267: “初始化”: 从“size_t”转换到“int”，可能丢失数据
E:\learningopengl\Raytracing\src\main-specular.cpp(391,21): warning C4305: “=”: 从“double”到“float”截断
E:\learningopengl\Raytracing\src\main-specular.cpp(392,22): warning C4305: “=”: 从“double”到“float”截断
E:\learningopengl\Raytracing\src\main-specular.cpp(398,21): warning C4305: “=”: 从“double”到“float”截断
E:\learningopengl\Raytracing\src\main-specular.cpp(399,22): warning C4305: “=”: 从“double”到“float”截断
E:\learningopengl\Raytracing\src\main-specular.cpp(405,21): warning C4305: “=”: 从“double”到“float”截断
E:\learningopengl\Raytracing\src\main-specular.cpp(406,22): warning C4305: “=”: 从“double”到“float”截断
E:\learningopengl\Raytracing\src\main-specular.cpp(417,38): warning C4267: “初始化”: 从“size_t”转换到“int”，可能丢失数据
E:\learningopengl\Raytracing\src\main-specular.cpp(429,58): warning C4267: “参数”: 从“size_t”转换到“int”，可能丢失数据
E:\learningopengl\Raytracing\src\main-specular.cpp(430,30): warning C4267: “初始化”: 从“size_t”转换到“int”，可能丢失数据
E:\learningopengl\Raytracing\src\main-specular.cpp(512,84): warning C4267: “参数”: 从“size_t”转换到“GLint”，可能丢失数据
E:\learningopengl\Raytracing\src\main-specular.cpp(513,76): warning C4267: “参数”: 从“size_t”转换到“GLint”，可能丢失数据
E:\learningopengl\Raytracing\src\main-specular.cpp(691,17): warning C4244: “=”: 从“double”转换到“float”，可能丢失数据
E:\learningopengl\Raytracing\src\main-specular.cpp(692,17): warning C4244: “=”: 从“double”转换到“float”，可能丢失数据
  TestMain.cpp
  main.cpp
  RaytractingMain.cpp
  Testcode.cpp
  Texture.cpp
E:\learningopengl\Raytracing\src\Texture.cpp(33,16): warning C4101: “format”: 未引用的局部变量
  glad.c
LINK : warning LNK4098: 默认库“MSVCRTD”与其他库的使用冲突；请使用 /NODEFAULTLIB:library
  正在生成代码
  Previous IPDB not found, fall back to full compilation.
  All 1950 functions were compiled because no usable IPDB/IOBJ from previous compilation was found.
  已完成代码的生成
  Raytracing.vcxproj -> E:\learningopengl\Raytracing\x64\Release\Raytracing.exe
